2024-02-03 16:48:21,947 INFO s.c.SimplesshApplication [main] Starting SimplesshApplication using Java 17.0.9 on DESKTOP-VCHVAA6 with PID 19836 (D:\java\java-projects\SimpleSSH_Web_Swing\target\classes started by DrCorneliu in D:\java\java-projects\SimpleSSH_Web_Swing\src)
2024-02-03 16:48:21,960 DEBUG s.c.SimplesshApplication [main] Running with Spring Boot v2.5.13, Spring v5.3.19
2024-02-03 16:48:21,960 INFO s.c.SimplesshApplication [main] No active profile set, falling back to 1 default profile: "default"
2024-02-03 16:48:23,386 DEBUG s.c.c.OancePerRequest [main] Filter 'oancePerRequest' configured for use
2024-02-03 16:48:23,387 DEBUG s.c.c.JWTAuthorizationFilter [main] Filter 'JWTAuthorizationFilter' configured for use
2024-02-03 16:48:24,631 INFO s.c.SimplesshApplication [main] Started SimplesshApplication in 3.02 seconds (JVM running for 3.755)
2024-02-03 16:48:38,157 ERROR s.c.c.JwtUtils [http-nio-9211-exec-2] Invalid JWT signature: JWT signature does not match locally computed signature. JWT validity cannot be asserted and should not be trusted.
2024-02-03 16:48:38,162 ERROR s.c.c.AuthEntryPointJwt [http-nio-9211-exec-2] Unauthorized error: Full authentication is required to access this resource
2024-02-03 16:48:38,211 ERROR s.c.c.JwtUtils [http-nio-9211-exec-2] Invalid JWT signature: JWT signature does not match locally computed signature. JWT validity cannot be asserted and should not be trusted.
2024-02-03 16:48:40,608 ERROR s.c.c.JwtUtils [http-nio-9211-exec-4] Invalid JWT signature: JWT signature does not match locally computed signature. JWT validity cannot be asserted and should not be trusted.
2024-02-03 16:48:40,609 ERROR s.c.c.AuthEntryPointJwt [http-nio-9211-exec-4] Unauthorized error: Full authentication is required to access this resource
2024-02-03 16:48:40,659 ERROR s.c.c.JwtUtils [http-nio-9211-exec-4] Invalid JWT signature: JWT signature does not match locally computed signature. JWT validity cannot be asserted and should not be trusted.
2024-02-03 16:48:41,818 ERROR s.c.c.JwtUtils [http-nio-9211-exec-6] Invalid JWT signature: JWT signature does not match locally computed signature. JWT validity cannot be asserted and should not be trusted.
2024-02-03 16:48:41,905 ERROR s.c.c.JwtUtils [http-nio-9211-exec-6] Invalid JWT signature: JWT signature does not match locally computed signature. JWT validity cannot be asserted and should not be trusted.
2024-02-03 16:48:42,231 ERROR s.c.c.AuthEntryPointJwt [http-nio-9211-exec-6] Unauthorized error: Bad credentials
2024-02-03 16:48:42,313 ERROR s.c.c.JwtUtils [http-nio-9211-exec-6] Invalid JWT signature: JWT signature does not match locally computed signature. JWT validity cannot be asserted and should not be trusted.
2024-02-03 16:48:44,001 ERROR s.c.c.JwtUtils [http-nio-9211-exec-7] Invalid JWT signature: JWT signature does not match locally computed signature. JWT validity cannot be asserted and should not be trusted.
2024-02-03 16:48:44,075 ERROR s.c.c.JwtUtils [http-nio-9211-exec-7] Invalid JWT signature: JWT signature does not match locally computed signature. JWT validity cannot be asserted and should not be trusted.
2024-02-03 16:48:44,238 ERROR s.c.c.AuthEntryPointJwt [http-nio-9211-exec-7] Unauthorized error: Bad credentials
2024-02-03 16:48:44,313 ERROR s.c.c.JwtUtils [http-nio-9211-exec-7] Invalid JWT signature: JWT signature does not match locally computed signature. JWT validity cannot be asserted and should not be trusted.
2024-02-03 16:48:44,984 ERROR s.c.c.JwtUtils [http-nio-9211-exec-8] Invalid JWT signature: JWT signature does not match locally computed signature. JWT validity cannot be asserted and should not be trusted.
2024-02-03 16:48:45,060 ERROR s.c.c.JwtUtils [http-nio-9211-exec-8] Invalid JWT signature: JWT signature does not match locally computed signature. JWT validity cannot be asserted and should not be trusted.
2024-02-03 16:48:45,237 ERROR s.c.c.AuthEntryPointJwt [http-nio-9211-exec-8] Unauthorized error: Bad credentials
2024-02-03 16:48:45,314 ERROR s.c.c.JwtUtils [http-nio-9211-exec-8] Invalid JWT signature: JWT signature does not match locally computed signature. JWT validity cannot be asserted and should not be trusted.
2024-02-03 16:48:45,804 ERROR s.c.c.JwtUtils [http-nio-9211-exec-9] Invalid JWT signature: JWT signature does not match locally computed signature. JWT validity cannot be asserted and should not be trusted.
2024-02-03 16:48:45,888 ERROR s.c.c.JwtUtils [http-nio-9211-exec-9] Invalid JWT signature: JWT signature does not match locally computed signature. JWT validity cannot be asserted and should not be trusted.
2024-02-03 16:48:46,053 ERROR s.c.c.AuthEntryPointJwt [http-nio-9211-exec-9] Unauthorized error: Bad credentials
2024-02-03 16:48:46,129 ERROR s.c.c.JwtUtils [http-nio-9211-exec-9] Invalid JWT signature: JWT signature does not match locally computed signature. JWT validity cannot be asserted and should not be trusted.
2024-02-03 16:48:46,547 ERROR s.c.c.JwtUtils [http-nio-9211-exec-10] Invalid JWT signature: JWT signature does not match locally computed signature. JWT validity cannot be asserted and should not be trusted.
2024-02-03 16:48:46,625 ERROR s.c.c.JwtUtils [http-nio-9211-exec-10] Invalid JWT signature: JWT signature does not match locally computed signature. JWT validity cannot be asserted and should not be trusted.
2024-02-03 16:48:46,794 ERROR s.c.c.AuthEntryPointJwt [http-nio-9211-exec-10] Unauthorized error: Bad credentials
2024-02-03 16:48:46,866 ERROR s.c.c.JwtUtils [http-nio-9211-exec-10] Invalid JWT signature: JWT signature does not match locally computed signature. JWT validity cannot be asserted and should not be trusted.
2024-02-03 16:48:47,294 ERROR s.c.c.JwtUtils [http-nio-9211-exec-1] Invalid JWT signature: JWT signature does not match locally computed signature. JWT validity cannot be asserted and should not be trusted.
2024-02-03 16:48:47,370 ERROR s.c.c.JwtUtils [http-nio-9211-exec-1] Invalid JWT signature: JWT signature does not match locally computed signature. JWT validity cannot be asserted and should not be trusted.
2024-02-03 16:48:47,542 ERROR s.c.c.AuthEntryPointJwt [http-nio-9211-exec-1] Unauthorized error: Bad credentials
2024-02-03 16:48:47,610 ERROR s.c.c.JwtUtils [http-nio-9211-exec-1] Invalid JWT signature: JWT signature does not match locally computed signature. JWT validity cannot be asserted and should not be trusted.
2024-02-03 16:48:48,000 ERROR s.c.c.JwtUtils [http-nio-9211-exec-2] Invalid JWT signature: JWT signature does not match locally computed signature. JWT validity cannot be asserted and should not be trusted.
2024-02-03 16:48:48,063 ERROR s.c.c.JwtUtils [http-nio-9211-exec-2] Invalid JWT signature: JWT signature does not match locally computed signature. JWT validity cannot be asserted and should not be trusted.
2024-02-03 16:48:48,242 ERROR s.c.c.AuthEntryPointJwt [http-nio-9211-exec-2] Unauthorized error: Bad credentials
2024-02-03 16:48:48,320 ERROR s.c.c.JwtUtils [http-nio-9211-exec-2] Invalid JWT signature: JWT signature does not match locally computed signature. JWT validity cannot be asserted and should not be trusted.
2024-02-03 16:48:48,776 ERROR s.c.c.JwtUtils [http-nio-9211-exec-3] Invalid JWT signature: JWT signature does not match locally computed signature. JWT validity cannot be asserted and should not be trusted.
2024-02-03 16:48:48,855 ERROR s.c.c.JwtUtils [http-nio-9211-exec-3] Invalid JWT signature: JWT signature does not match locally computed signature. JWT validity cannot be asserted and should not be trusted.
2024-02-03 16:48:49,013 ERROR s.c.c.AuthEntryPointJwt [http-nio-9211-exec-3] Unauthorized error: Bad credentials
2024-02-03 16:48:49,097 ERROR s.c.c.JwtUtils [http-nio-9211-exec-3] Invalid JWT signature: JWT signature does not match locally computed signature. JWT validity cannot be asserted and should not be trusted.
2024-02-03 16:48:49,570 ERROR s.c.c.JwtUtils [http-nio-9211-exec-4] Invalid JWT signature: JWT signature does not match locally computed signature. JWT validity cannot be asserted and should not be trusted.
2024-02-03 16:48:49,649 ERROR s.c.c.JwtUtils [http-nio-9211-exec-4] Invalid JWT signature: JWT signature does not match locally computed signature. JWT validity cannot be asserted and should not be trusted.
2024-02-03 16:48:49,823 ERROR s.c.c.AuthEntryPointJwt [http-nio-9211-exec-4] Unauthorized error: Bad credentials
2024-02-03 16:48:49,885 ERROR s.c.c.JwtUtils [http-nio-9211-exec-4] Invalid JWT signature: JWT signature does not match locally computed signature. JWT validity cannot be asserted and should not be trusted.
